# JRE version: OpenJDK Runtime Environment (21.0.7) (build 21.0.7+-13880790-b1038.58)
# Java VM: OpenJDK 64-Bit Server VM (21.0.7+-13880790-b1038.58, mixed mode, tiered, compressed oops, compressed class ptrs, g1 gc, windows-amd64)
GC Precious Log:
 CardTable entry size: 512
 Card Set container configuration: InlinePtr #cards 5 size 8 Array Of Cards #cards 12 size 40 Howl #buckets 4 coarsen threshold 1843 Howl Bitmap #cards 512 size 80 coarsen threshold 460 Card regions per heap region 1 cards per card region 2048
 CPUs: 12 total, 12 available
 Memory: 7876M
 Large Page Support: Disabled
 NUMA Support: Disabled
 Compressed Oops: Enabled (32-bit)
 Heap Region Size: 1M
 Heap Min Capacity: 8M
 Heap Initial Capacity: 124M
 Heap Max Capacity: 2G
 Pre-touch: Disabled
 Parallel Workers: 10
 Concurrent Workers: 3
 Concurrent Refinement Workers: 10
 Periodic GC: Disabled
Heap:
 garbage-first heap   total 207872K, used 161797K [0x0000000080000000, 0x0000000100000000)
  region size 1024K, 50 young (51200K), 9 survivors (9216K)
 Metaspace       used 144536K, committed 146816K, reserved 1179648K
  class space    used 18824K, committed 19968K, reserved 1048576K
GC Heap History (20 events):
Event: 12.331 GC heap before
{Heap before GC invocations=21 (full 0):
 garbage-first heap   total 117760K, used 101692K [0x0000000080000000, 0x0000000100000000)
  region size 1024K, 53 young (54272K), 7 survivors (7168K)
 Metaspace       used 82419K, committed 84224K, reserved 1179648K
  class space    used 11714K, committed 12608K, reserved 1048576K
}
Event: 12.337 GC heap after
{Heap after GC invocations=22 (full 0):
 garbage-first heap   total 117760K, used 56201K [0x0000000080000000, 0x0000000100000000)
  region size 1024K, 2 young (2048K), 2 survivors (2048K)
 Metaspace       used 82419K, committed 84224K, reserved 1179648K
  class space    used 11714K, committed 12608K, reserved 1048576K
}
Event: 12.807 GC heap before
{Heap before GC invocations=22 (full 0):
 garbage-first heap   total 117760K, used 103305K [0x0000000080000000, 0x0000000100000000)
  region size 1024K, 49 young (50176K), 2 survivors (2048K)
 Metaspace       used 89128K, committed 90944K, reserved 1179648K
  class space    used 12547K, committed 13440K, reserved 1048576K
}
Event: 12.811 GC heap after
{Heap after GC invocations=23 (full 0):
 garbage-first heap   total 141312K, used 57576K [0x0000000080000000, 0x0000000100000000)
  region size 1024K, 4 young (4096K), 4 survivors (4096K)
 Metaspace       used 89128K, committed 90944K, reserved 1179648K
  class space    used 12547K, committed 13440K, reserved 1048576K
}
Event: 13.262 GC heap before
{Heap before GC invocations=24 (full 0):
 garbage-first heap   total 141312K, used 138472K [0x0000000080000000, 0x0000000100000000)
  region size 1024K, 71 young (72704K), 4 survivors (4096K)
 Metaspace       used 89480K, committed 91392K, reserved 1179648K
  class space    used 12559K, committed 13504K, reserved 1048576K
}
Event: 13.290 GC heap after
{Heap after GC invocations=25 (full 0):
 garbage-first heap   total 163840K, used 80837K [0x0000000080000000, 0x0000000100000000)
  region size 1024K, 9 young (9216K), 9 survivors (9216K)
 Metaspace       used 89480K, committed 91392K, reserved 1179648K
  class space    used 12559K, committed 13504K, reserved 1048576K
}
Event: 13.867 GC heap before
{Heap before GC invocations=25 (full 0):
 garbage-first heap   total 163840K, used 147397K [0x0000000080000000, 0x0000000100000000)
  region size 1024K, 64 young (65536K), 9 survivors (9216K)
 Metaspace       used 94857K, committed 96704K, reserved 1179648K
  class space    used 13181K, committed 14080K, reserved 1048576K
}
Event: 13.880 GC heap after
{Heap after GC invocations=26 (full 0):
 garbage-first heap   total 166912K, used 96904K [0x0000000080000000, 0x0000000100000000)
  region size 1024K, 7 young (7168K), 7 survivors (7168K)
 Metaspace       used 94857K, committed 96704K, reserved 1179648K
  class space    used 13181K, committed 14080K, reserved 1048576K
}
Event: 14.361 GC heap before
{Heap before GC invocations=26 (full 0):
 garbage-first heap   total 166912K, used 145032K [0x0000000080000000, 0x0000000100000000)
  region size 1024K, 54 young (55296K), 7 survivors (7168K)
 Metaspace       used 100706K, committed 102656K, reserved 1179648K
  class space    used 13757K, committed 14720K, reserved 1048576K
}
Event: 14.367 GC heap after
{Heap after GC invocations=27 (full 0):
 garbage-first heap   total 166912K, used 100734K [0x0000000080000000, 0x0000000100000000)
  region size 1024K, 4 young (4096K), 4 survivors (4096K)
 Metaspace       used 100706K, committed 102656K, reserved 1179648K
  class space    used 13757K, committed 14720K, reserved 1048576K
}
Event: 14.919 GC heap before
{Heap before GC invocations=28 (full 0):
 garbage-first heap   total 167936K, used 147838K [0x0000000080000000, 0x0000000100000000)
  region size 1024K, 51 young (52224K), 4 survivors (4096K)
 Metaspace       used 107015K, committed 109184K, reserved 1179648K
  class space    used 14592K, committed 15680K, reserved 1048576K
}
Event: 14.925 GC heap after
{Heap after GC invocations=29 (full 0):
 garbage-first heap   total 207872K, used 102119K [0x0000000080000000, 0x0000000100000000)
  region size 1024K, 6 young (6144K), 6 survivors (6144K)
 Metaspace       used 107015K, committed 109184K, reserved 1179648K
  class space    used 14592K, committed 15680K, reserved 1048576K
}
Event: 15.438 GC heap before
{Heap before GC invocations=29 (full 0):
 garbage-first heap   total 207872K, used 178919K [0x0000000080000000, 0x0000000100000000)
  region size 1024K, 80 young (81920K), 6 survivors (6144K)
 Metaspace       used 111764K, committed 113984K, reserved 1179648K
  class space    used 15175K, committed 16256K, reserved 1048576K
}
Event: 15.449 GC heap after
{Heap after GC invocations=30 (full 0):
 garbage-first heap   total 207872K, used 105025K [0x0000000080000000, 0x0000000100000000)
  region size 1024K, 8 young (8192K), 8 survivors (8192K)
 Metaspace       used 111764K, committed 113984K, reserved 1179648K
  class space    used 15175K, committed 16256K, reserved 1048576K
}
Event: 16.342 GC heap before
{Heap before GC invocations=30 (full 0):
 garbage-first heap   total 207872K, used 184897K [0x0000000080000000, 0x0000000100000000)
  region size 1024K, 86 young (88064K), 8 survivors (8192K)
 Metaspace       used 121700K, committed 123968K, reserved 1179648K
  class space    used 16350K, committed 17472K, reserved 1048576K
}
Event: 16.350 GC heap after
{Heap after GC invocations=31 (full 0):
 garbage-first heap   total 207872K, used 110231K [0x0000000080000000, 0x0000000100000000)
  region size 1024K, 10 young (10240K), 10 survivors (10240K)
 Metaspace       used 121700K, committed 123968K, reserved 1179648K
  class space    used 16350K, committed 17472K, reserved 1048576K
}
Event: 17.156 GC heap before
{Heap before GC invocations=32 (full 0):
 garbage-first heap   total 207872K, used 184983K [0x0000000080000000, 0x0000000100000000)
  region size 1024K, 84 young (86016K), 10 survivors (10240K)
 Metaspace       used 133187K, committed 135424K, reserved 1179648K
  class space    used 17455K, committed 18560K, reserved 1048576K
}
Event: 17.165 GC heap after
{Heap after GC invocations=33 (full 0):
 garbage-first heap   total 207872K, used 115041K [0x0000000080000000, 0x0000000100000000)
  region size 1024K, 10 young (10240K), 10 survivors (10240K)
 Metaspace       used 133187K, committed 135424K, reserved 1179648K
  class space    used 17455K, committed 18560K, reserved 1048576K
}
Event: 19.104 GC heap before
{Heap before GC invocations=33 (full 0):
 garbage-first heap   total 207872K, used 188769K [0x0000000080000000, 0x0000000100000000)
  region size 1024K, 79 young (80896K), 10 survivors (10240K)
 Metaspace       used 139490K, committed 141760K, reserved 1179648K
  class space    used 18164K, committed 19264K, reserved 1048576K
}
Event: 19.113 GC heap after
{Heap after GC invocations=34 (full 0):
 garbage-first heap   total 207872K, used 120837K [0x0000000080000000, 0x0000000100000000)
  region size 1024K, 9 young (9216K), 9 survivors (9216K)
 Metaspace       used 139490K, committed 141760K, reserved 1179648K
  class space    used 18164K, committed 19264K, reserved 1048576K
}

