# JRE version: OpenJDK Runtime Environment (21.0.7) (build 21.0.7+-13880790-b1038.58)
# Java VM: OpenJDK 64-Bit Server VM (21.0.7+-13880790-b1038.58, mixed mode, tiered, compressed oops, compressed class ptrs, g1 gc, windows-amd64)
GC Precious Log:
 CardTable entry size: 512
 Card Set container configuration: InlinePtr #cards 5 size 8 Array Of Cards #cards 12 size 40 Howl #buckets 4 coarsen threshold 1843 Howl Bitmap #cards 512 size 80 coarsen threshold 460 Card regions per heap region 1 cards per card region 2048
 CPUs: 12 total, 12 available
 Memory: 7876M
 Large Page Support: Disabled
 NUMA Support: Disabled
 Compressed Oops: Enabled (32-bit)
 Heap Region Size: 1M
 Heap Min Capacity: 8M
 Heap Initial Capacity: 124M
 Heap Max Capacity: 2G
 Pre-touch: Disabled
 Parallel Workers: 10
 Concurrent Workers: 3
 Concurrent Refinement Workers: 10
 Periodic GC: Disabled
Heap:
 garbage-first heap   total 88064K, used 56458K [0x0000000080000000, 0x0000000100000000)
  region size 1024K, 17 young (17408K), 4 survivors (4096K)
 Metaspace       used 69096K, committed 70848K, reserved 1114112K
  class space    used 9620K, committed 10496K, reserved 1048576K
GC Heap History (20 events):
Event: 3.891 GC heap before
{Heap before GC invocations=6 (full 0):
 garbage-first heap   total 71680K, used 55220K [0x0000000080000000, 0x0000000100000000)
  region size 1024K, 38 young (38912K), 5 survivors (5120K)
 Metaspace       used 32474K, committed 33152K, reserved 1114112K
  class space    used 4329K, committed 4608K, reserved 1048576K
}
Event: 3.896 GC heap after
{Heap after GC invocations=7 (full 0):
 garbage-first heap   total 71680K, used 24775K [0x0000000080000000, 0x0000000100000000)
  region size 1024K, 5 young (5120K), 5 survivors (5120K)
 Metaspace       used 32474K, committed 33152K, reserved 1114112K
  class space    used 4329K, committed 4608K, reserved 1048576K
}
Event: 4.118 GC heap before
{Heap before GC invocations=7 (full 0):
 garbage-first heap   total 71680K, used 43207K [0x0000000080000000, 0x0000000100000000)
  region size 1024K, 24 young (24576K), 5 survivors (5120K)
 Metaspace       used 35246K, committed 35968K, reserved 1114112K
  class space    used 4781K, committed 5120K, reserved 1048576K
}
Event: 4.123 GC heap after
{Heap after GC invocations=8 (full 0):
 garbage-first heap   total 71680K, used 26023K [0x0000000080000000, 0x0000000100000000)
  region size 1024K, 2 young (2048K), 2 survivors (2048K)
 Metaspace       used 35246K, committed 35968K, reserved 1114112K
  class space    used 4781K, committed 5120K, reserved 1048576K
}
Event: 4.793 GC heap before
{Heap before GC invocations=9 (full 0):
 garbage-first heap   total 71680K, used 58791K [0x0000000080000000, 0x0000000100000000)
  region size 1024K, 35 young (35840K), 2 survivors (2048K)
 Metaspace       used 42285K, committed 43136K, reserved 1114112K
  class space    used 5718K, committed 6144K, reserved 1048576K
}
Event: 4.797 GC heap after
{Heap after GC invocations=10 (full 0):
 garbage-first heap   total 86016K, used 29092K [0x0000000080000000, 0x0000000100000000)
  region size 1024K, 5 young (5120K), 5 survivors (5120K)
 Metaspace       used 42285K, committed 43136K, reserved 1114112K
  class space    used 5718K, committed 6144K, reserved 1048576K
}
Event: 5.247 GC heap before
{Heap before GC invocations=10 (full 0):
 garbage-first heap   total 86016K, used 76196K [0x0000000080000000, 0x0000000100000000)
  region size 1024K, 47 young (48128K), 5 survivors (5120K)
 Metaspace       used 46061K, committed 47040K, reserved 1114112K
  class space    used 6084K, committed 6528K, reserved 1048576K
}
Event: 5.257 GC heap after
{Heap after GC invocations=11 (full 0):
 garbage-first heap   total 88064K, used 33072K [0x0000000080000000, 0x0000000100000000)
  region size 1024K, 5 young (5120K), 5 survivors (5120K)
 Metaspace       used 46061K, committed 47040K, reserved 1114112K
  class space    used 6084K, committed 6528K, reserved 1048576K
}
Event: 6.356 GC heap before
{Heap before GC invocations=11 (full 0):
 garbage-first heap   total 88064K, used 75056K [0x0000000080000000, 0x0000000100000000)
  region size 1024K, 46 young (47104K), 5 survivors (5120K)
 Metaspace       used 51081K, committed 52416K, reserved 1114112K
  class space    used 6921K, committed 7552K, reserved 1048576K
}
Event: 6.361 GC heap after
{Heap after GC invocations=12 (full 0):
 garbage-first heap   total 88064K, used 34987K [0x0000000080000000, 0x0000000100000000)
  region size 1024K, 3 young (3072K), 3 survivors (3072K)
 Metaspace       used 51081K, committed 52416K, reserved 1114112K
  class space    used 6921K, committed 7552K, reserved 1048576K
}
Event: 6.986 GC heap before
{Heap before GC invocations=12 (full 0):
 garbage-first heap   total 88064K, used 75947K [0x0000000080000000, 0x0000000100000000)
  region size 1024K, 43 young (44032K), 3 survivors (3072K)
 Metaspace       used 55600K, committed 57088K, reserved 1114112K
  class space    used 7662K, committed 8384K, reserved 1048576K
}
Event: 6.991 GC heap after
{Heap after GC invocations=13 (full 0):
 garbage-first heap   total 88064K, used 38895K [0x0000000080000000, 0x0000000100000000)
  region size 1024K, 6 young (6144K), 6 survivors (6144K)
 Metaspace       used 55600K, committed 57088K, reserved 1114112K
  class space    used 7662K, committed 8384K, reserved 1048576K
}
Event: 7.364 GC heap before
{Heap before GC invocations=13 (full 0):
 garbage-first heap   total 88064K, used 77807K [0x0000000080000000, 0x0000000100000000)
  region size 1024K, 43 young (44032K), 6 survivors (6144K)
 Metaspace       used 57676K, committed 59200K, reserved 1114112K
  class space    used 7854K, committed 8576K, reserved 1048576K
}
Event: 7.370 GC heap after
{Heap after GC invocations=14 (full 0):
 garbage-first heap   total 88064K, used 40971K [0x0000000080000000, 0x0000000100000000)
  region size 1024K, 2 young (2048K), 2 survivors (2048K)
 Metaspace       used 57676K, committed 59200K, reserved 1114112K
  class space    used 7854K, committed 8576K, reserved 1048576K
}
Event: 7.535 GC heap before
{Heap before GC invocations=14 (full 0):
 garbage-first heap   total 88064K, used 49163K [0x0000000080000000, 0x0000000100000000)
  region size 1024K, 11 young (11264K), 2 survivors (2048K)
 Metaspace       used 58648K, committed 60160K, reserved 1114112K
  class space    used 8019K, committed 8768K, reserved 1048576K
}
Event: 7.538 GC heap after
{Heap after GC invocations=15 (full 0):
 garbage-first heap   total 88064K, used 41350K [0x0000000080000000, 0x0000000100000000)
  region size 1024K, 3 young (3072K), 3 survivors (3072K)
 Metaspace       used 58648K, committed 60160K, reserved 1114112K
  class space    used 8019K, committed 8768K, reserved 1048576K
}
Event: 8.072 GC heap before
{Heap before GC invocations=16 (full 0):
 garbage-first heap   total 88064K, used 73094K [0x0000000080000000, 0x0000000100000000)
  region size 1024K, 34 young (34816K), 3 survivors (3072K)
 Metaspace       used 63019K, committed 64576K, reserved 1114112K
  class space    used 8635K, committed 9408K, reserved 1048576K
}
Event: 8.077 GC heap after
{Heap after GC invocations=17 (full 0):
 garbage-first heap   total 88064K, used 42919K [0x0000000080000000, 0x0000000100000000)
  region size 1024K, 4 young (4096K), 4 survivors (4096K)
 Metaspace       used 63019K, committed 64576K, reserved 1114112K
  class space    used 8635K, committed 9408K, reserved 1048576K
}
Event: 9.808 GC heap before
{Heap before GC invocations=17 (full 0):
 garbage-first heap   total 88064K, used 74663K [0x0000000080000000, 0x0000000100000000)
  region size 1024K, 36 young (36864K), 4 survivors (4096K)
 Metaspace       used 67549K, committed 69248K, reserved 1114112K
  class space    used 9334K, committed 10176K, reserved 1048576K
}
Event: 9.813 GC heap after
{Heap after GC invocations=18 (full 0):
 garbage-first heap   total 88064K, used 44170K [0x0000000080000000, 0x0000000100000000)
  region size 1024K, 4 young (4096K), 4 survivors (4096K)
 Metaspace       used 67549K, committed 69248K, reserved 1114112K
  class space    used 9334K, committed 10176K, reserved 1048576K
}

