# JRE version: OpenJDK Runtime Environment (21.0.7) (build 21.0.7+-13880790-b1038.58)
# Java VM: OpenJDK 64-Bit Server VM (21.0.7+-13880790-b1038.58, mixed mode, tiered, compressed oops, compressed class ptrs, g1 gc, windows-amd64)
GC Precious Log:
 CardTable entry size: 512
 Card Set container configuration: InlinePtr #cards 5 size 8 Array Of Cards #cards 12 size 40 Howl #buckets 4 coarsen threshold 1843 Howl Bitmap #cards 512 size 80 coarsen threshold 460 Card regions per heap region 1 cards per card region 2048
 CPUs: 12 total, 12 available
 Memory: 7876M
 Large Page Support: Disabled
 NUMA Support: Disabled
 Compressed Oops: Enabled (32-bit)
 Heap Region Size: 1M
 Heap Min Capacity: 8M
 Heap Initial Capacity: 124M
 Heap Max Capacity: 1G
 Pre-touch: Disabled
 Parallel Workers: 10
 Concurrent Workers: 3
 Concurrent Refinement Workers: 10
 Periodic GC: Disabled
Heap:
 garbage-first heap   total 172032K, used 143750K [0x00000000c0000000, 0x0000000100000000)
  region size 1024K, 59 young (60416K), 9 survivors (9216K)
 Metaspace       used 64247K, committed 65728K, reserved 1114112K
  class space    used 8890K, committed 9600K, reserved 1048576K
GC Heap History (20 events):
Event: 5.483 GC heap before
{Heap before GC invocations=11 (full 0):
 garbage-first heap   total 91136K, used 80758K [0x00000000c0000000, 0x0000000100000000)
  region size 1024K, 21 young (21504K), 2 survivors (2048K)
 Metaspace       used 44783K, committed 45760K, reserved 1114112K
  class space    used 6082K, committed 6528K, reserved 1048576K
}
Event: 5.487 GC heap after
{Heap after GC invocations=12 (full 0):
 garbage-first heap   total 109568K, used 64681K [0x00000000c0000000, 0x0000000100000000)
  region size 1024K, 3 young (3072K), 3 survivors (3072K)
 Metaspace       used 44783K, committed 45760K, reserved 1114112K
  class space    used 6082K, committed 6528K, reserved 1048576K
}
Event: 5.734 GC heap before
{Heap before GC invocations=13 (full 0):
 garbage-first heap   total 109568K, used 95401K [0x00000000c0000000, 0x0000000100000000)
  region size 1024K, 34 young (34816K), 3 survivors (3072K)
 Metaspace       used 46466K, committed 47488K, reserved 1114112K
  class space    used 6280K, committed 6784K, reserved 1048576K
}
Event: 5.740 GC heap after
{Heap after GC invocations=14 (full 0):
 garbage-first heap   total 109568K, used 68129K [0x00000000c0000000, 0x0000000100000000)
  region size 1024K, 5 young (5120K), 5 survivors (5120K)
 Metaspace       used 46466K, committed 47488K, reserved 1114112K
  class space    used 6280K, committed 6784K, reserved 1048576K
}
Event: 6.122 GC heap before
{Heap before GC invocations=14 (full 0):
 garbage-first heap   total 109568K, used 101921K [0x00000000c0000000, 0x0000000100000000)
  region size 1024K, 34 young (34816K), 5 survivors (5120K)
 Metaspace       used 50372K, committed 51584K, reserved 1114112K
  class space    used 6768K, committed 7360K, reserved 1048576K
}
Event: 6.127 GC heap after
{Heap after GC invocations=15 (full 0):
 garbage-first heap   total 111616K, used 70077K [0x00000000c0000000, 0x0000000100000000)
  region size 1024K, 5 young (5120K), 5 survivors (5120K)
 Metaspace       used 50372K, committed 51584K, reserved 1114112K
  class space    used 6768K, committed 7360K, reserved 1048576K
}
Event: 6.513 GC heap before
{Heap before GC invocations=15 (full 0):
 garbage-first heap   total 111616K, used 99773K [0x00000000c0000000, 0x0000000100000000)
  region size 1024K, 34 young (34816K), 5 survivors (5120K)
 Metaspace       used 53890K, committed 55360K, reserved 1114112K
  class space    used 7361K, committed 8064K, reserved 1048576K
}
Event: 6.518 GC heap after
{Heap after GC invocations=16 (full 0):
 garbage-first heap   total 111616K, used 71517K [0x00000000c0000000, 0x0000000100000000)
  region size 1024K, 4 young (4096K), 4 survivors (4096K)
 Metaspace       used 53890K, committed 55360K, reserved 1114112K
  class space    used 7361K, committed 8064K, reserved 1048576K
}
Event: 6.949 GC heap before
{Heap before GC invocations=17 (full 0):
 garbage-first heap   total 119808K, used 100189K [0x00000000c0000000, 0x0000000100000000)
  region size 1024K, 32 young (32768K), 4 survivors (4096K)
 Metaspace       used 56950K, committed 58368K, reserved 1114112K
  class space    used 7904K, committed 8576K, reserved 1048576K
}
Event: 6.954 GC heap after
{Heap after GC invocations=18 (full 0):
 garbage-first heap   total 119808K, used 74052K [0x00000000c0000000, 0x0000000100000000)
  region size 1024K, 4 young (4096K), 4 survivors (4096K)
 Metaspace       used 56950K, committed 58368K, reserved 1114112K
  class space    used 7904K, committed 8576K, reserved 1048576K
}
Event: 7.276 GC heap before
{Heap before GC invocations=18 (full 0):
 garbage-first heap   total 119808K, used 108868K [0x00000000c0000000, 0x0000000100000000)
  region size 1024K, 37 young (37888K), 4 survivors (4096K)
 Metaspace       used 60266K, committed 61824K, reserved 1114112K
  class space    used 8451K, committed 9216K, reserved 1048576K
}
Event: 7.282 GC heap after
{Heap after GC invocations=19 (full 0):
 garbage-first heap   total 119808K, used 77605K [0x00000000c0000000, 0x0000000100000000)
  region size 1024K, 5 young (5120K), 5 survivors (5120K)
 Metaspace       used 60266K, committed 61824K, reserved 1114112K
  class space    used 8451K, committed 9216K, reserved 1048576K
}
Event: 7.380 GC heap before
{Heap before GC invocations=19 (full 0):
 garbage-first heap   total 119808K, used 106277K [0x00000000c0000000, 0x0000000100000000)
  region size 1024K, 33 young (33792K), 5 survivors (5120K)
 Metaspace       used 60362K, committed 61888K, reserved 1114112K
  class space    used 8451K, committed 9216K, reserved 1048576K
}
Event: 7.386 GC heap after
{Heap after GC invocations=20 (full 0):
 garbage-first heap   total 119808K, used 79439K [0x00000000c0000000, 0x0000000100000000)
  region size 1024K, 5 young (5120K), 5 survivors (5120K)
 Metaspace       used 60362K, committed 61888K, reserved 1114112K
  class space    used 8451K, committed 9216K, reserved 1048576K
}
Event: 7.476 GC heap before
{Heap before GC invocations=21 (full 0):
 garbage-first heap   total 135168K, used 105039K [0x00000000c0000000, 0x0000000100000000)
  region size 1024K, 30 young (30720K), 5 survivors (5120K)
 Metaspace       used 60401K, committed 61952K, reserved 1114112K
  class space    used 8454K, committed 9216K, reserved 1048576K
}
Event: 7.479 GC heap after
{Heap after GC invocations=22 (full 0):
 garbage-first heap   total 135168K, used 80097K [0x00000000c0000000, 0x0000000100000000)
  region size 1024K, 3 young (3072K), 3 survivors (3072K)
 Metaspace       used 60401K, committed 61952K, reserved 1114112K
  class space    used 8454K, committed 9216K, reserved 1048576K
}
Event: 7.545 GC heap before
{Heap before GC invocations=22 (full 0):
 garbage-first heap   total 135168K, used 123105K [0x00000000c0000000, 0x0000000100000000)
  region size 1024K, 45 young (46080K), 3 survivors (3072K)
 Metaspace       used 60406K, committed 61952K, reserved 1114112K
  class space    used 8454K, committed 9216K, reserved 1048576K
}
Event: 7.551 GC heap after
{Heap after GC invocations=23 (full 0):
 garbage-first heap   total 168960K, used 80745K [0x00000000c0000000, 0x0000000100000000)
  region size 1024K, 4 young (4096K), 4 survivors (4096K)
 Metaspace       used 60406K, committed 61952K, reserved 1114112K
  class space    used 8454K, committed 9216K, reserved 1048576K
}
Event: 8.331 GC heap before
{Heap before GC invocations=23 (full 0):
 garbage-first heap   total 168960K, used 160617K [0x00000000c0000000, 0x0000000100000000)
  region size 1024K, 76 young (77824K), 4 survivors (4096K)
 Metaspace       used 63848K, committed 65344K, reserved 1114112K
  class space    used 8855K, committed 9600K, reserved 1048576K
}
Event: 8.339 GC heap after
{Heap after GC invocations=24 (full 0):
 garbage-first heap   total 172032K, used 93574K [0x00000000c0000000, 0x0000000100000000)
  region size 1024K, 9 young (9216K), 9 survivors (9216K)
 Metaspace       used 63848K, committed 65344K, reserved 1114112K
  class space    used 8855K, committed 9600K, reserved 1048576K
}

