# JRE version: OpenJDK Runtime Environment (21.0.7) (build 21.0.7+-13880790-b1038.58)
# Java VM: OpenJDK 64-Bit Server VM (21.0.7+-13880790-b1038.58, mixed mode, tiered, compressed oops, compressed class ptrs, g1 gc, windows-amd64)
GC Precious Log:
 CardTable entry size: 512
 Card Set container configuration: InlinePtr #cards 5 size 8 Array Of Cards #cards 12 size 40 Howl #buckets 4 coarsen threshold 1843 Howl Bitmap #cards 512 size 80 coarsen threshold 460 Card regions per heap region 1 cards per card region 2048
 CPUs: 12 total, 12 available
 Memory: 7876M
 Large Page Support: Disabled
 NUMA Support: Disabled
 Compressed Oops: Enabled (32-bit)
 Heap Region Size: 1M
 Heap Min Capacity: 8M
 Heap Initial Capacity: 124M
 Heap Max Capacity: 2G
 Pre-touch: Disabled
 Parallel Workers: 10
 Concurrent Workers: 3
 Concurrent Refinement Workers: 10
 Periodic GC: Disabled
Heap:
 garbage-first heap   total 196608K, used 153002K [0x0000000080000000, 0x0000000100000000)
  region size 1024K, 56 young (57344K), 5 survivors (5120K)
 Metaspace       used 112531K, committed 114752K, reserved 1179648K
  class space    used 15271K, committed 16384K, reserved 1048576K
GC Heap History (20 events):
Event: 10.662 GC heap before
{Heap before GC invocations=21 (full 0):
 garbage-first heap   total 104448K, used 90837K [0x0000000080000000, 0x0000000100000000)
  region size 1024K, 43 young (44032K), 5 survivors (5120K)
 Metaspace       used 74951K, committed 76736K, reserved 1114112K
  class space    used 10429K, committed 11328K, reserved 1048576K
}
Event: 10.668 GC heap after
{Heap after GC invocations=22 (full 0):
 garbage-first heap   total 104448K, used 54194K [0x0000000080000000, 0x0000000100000000)
  region size 1024K, 6 young (6144K), 6 survivors (6144K)
 Metaspace       used 74951K, committed 76736K, reserved 1114112K
  class space    used 10429K, committed 11328K, reserved 1048576K
}
Event: 11.262 GC heap before
{Heap before GC invocations=22 (full 0):
 garbage-first heap   total 104448K, used 90034K [0x0000000080000000, 0x0000000100000000)
  region size 1024K, 42 young (43008K), 6 survivors (6144K)
 Metaspace       used 81219K, committed 83008K, reserved 1179648K
  class space    used 11575K, committed 12480K, reserved 1048576K
}
Event: 11.266 GC heap after
{Heap after GC invocations=23 (full 0):
 garbage-first heap   total 104448K, used 55647K [0x0000000080000000, 0x0000000100000000)
  region size 1024K, 2 young (2048K), 2 survivors (2048K)
 Metaspace       used 81219K, committed 83008K, reserved 1179648K
  class space    used 11575K, committed 12480K, reserved 1048576K
}
Event: 11.891 GC heap before
{Heap before GC invocations=24 (full 0):
 garbage-first heap   total 104448K, used 93535K [0x0000000080000000, 0x0000000100000000)
  region size 1024K, 40 young (40960K), 2 survivors (2048K)
 Metaspace       used 86714K, committed 88512K, reserved 1179648K
  class space    used 12259K, committed 13120K, reserved 1048576K
}
Event: 11.894 GC heap after
{Heap after GC invocations=25 (full 0):
 garbage-first heap   total 125952K, used 56397K [0x0000000080000000, 0x0000000100000000)
  region size 1024K, 3 young (3072K), 3 survivors (3072K)
 Metaspace       used 86714K, committed 88512K, reserved 1179648K
  class space    used 12259K, committed 13120K, reserved 1048576K
}
Event: 12.289 GC heap before
{Heap before GC invocations=25 (full 0):
 garbage-first heap   total 125952K, used 123981K [0x0000000080000000, 0x0000000100000000)
  region size 1024K, 60 young (61440K), 3 survivors (3072K)
 Metaspace       used 89482K, committed 91392K, reserved 1179648K
  class space    used 12566K, committed 13504K, reserved 1048576K
}
Event: 12.309 GC heap after
{Heap after GC invocations=26 (full 0):
 garbage-first heap   total 143360K, used 72610K [0x0000000080000000, 0x0000000100000000)
  region size 1024K, 8 young (8192K), 8 survivors (8192K)
 Metaspace       used 89482K, committed 91392K, reserved 1179648K
  class space    used 12566K, committed 13504K, reserved 1048576K
}
Event: 12.377 GC heap before
{Heap before GC invocations=26 (full 0):
 garbage-first heap   total 143360K, used 83874K [0x0000000080000000, 0x0000000100000000)
  region size 1024K, 19 young (19456K), 8 survivors (8192K)
 Metaspace       used 89486K, committed 91392K, reserved 1179648K
  class space    used 12566K, committed 13504K, reserved 1048576K
}
Event: 12.386 GC heap after
{Heap after GC invocations=27 (full 0):
 garbage-first heap   total 143360K, used 75636K [0x0000000080000000, 0x0000000100000000)
  region size 1024K, 4 young (4096K), 4 survivors (4096K)
 Metaspace       used 89486K, committed 91392K, reserved 1179648K
  class space    used 12566K, committed 13504K, reserved 1048576K
}
Event: 12.745 GC heap before
{Heap before GC invocations=28 (full 0):
 garbage-first heap   total 143360K, used 120692K [0x0000000080000000, 0x0000000100000000)
  region size 1024K, 47 young (48128K), 4 survivors (4096K)
 Metaspace       used 91955K, committed 93824K, reserved 1179648K
  class space    used 12883K, committed 13824K, reserved 1048576K
}
Event: 12.751 GC heap after
{Heap after GC invocations=29 (full 0):
 garbage-first heap   total 143360K, used 80743K [0x0000000080000000, 0x0000000100000000)
  region size 1024K, 6 young (6144K), 6 survivors (6144K)
 Metaspace       used 91955K, committed 93824K, reserved 1179648K
  class space    used 12883K, committed 13824K, reserved 1048576K
}
Event: 13.156 GC heap before
{Heap before GC invocations=29 (full 0):
 garbage-first heap   total 143360K, used 131943K [0x0000000080000000, 0x0000000100000000)
  region size 1024K, 46 young (47104K), 6 survivors (6144K)
 Metaspace       used 96271K, committed 98112K, reserved 1179648K
  class space    used 13348K, committed 14272K, reserved 1048576K
}
Event: 13.163 GC heap after
{Heap after GC invocations=30 (full 0):
 garbage-first heap   total 146432K, used 95333K [0x0000000080000000, 0x0000000100000000)
  region size 1024K, 5 young (5120K), 5 survivors (5120K)
 Metaspace       used 96271K, committed 98112K, reserved 1179648K
  class space    used 13348K, committed 14272K, reserved 1048576K
}
Event: 13.421 GC heap before
{Heap before GC invocations=30 (full 0):
 garbage-first heap   total 146432K, used 129125K [0x0000000080000000, 0x0000000100000000)
  region size 1024K, 38 young (38912K), 5 survivors (5120K)
 Metaspace       used 100593K, committed 102592K, reserved 1179648K
  class space    used 13757K, committed 14784K, reserved 1048576K
}
Event: 13.426 GC heap after
{Heap after GC invocations=31 (full 0):
 garbage-first heap   total 146432K, used 98304K [0x0000000080000000, 0x0000000100000000)
  region size 1024K, 3 young (3072K), 3 survivors (3072K)
 Metaspace       used 100593K, committed 102592K, reserved 1179648K
  class space    used 13757K, committed 14784K, reserved 1048576K
}
Event: 13.797 GC heap before
{Heap before GC invocations=32 (full 0):
 garbage-first heap   total 163840K, used 132096K [0x0000000080000000, 0x0000000100000000)
  region size 1024K, 36 young (36864K), 3 survivors (3072K)
 Metaspace       used 104848K, committed 107008K, reserved 1179648K
  class space    used 14339K, committed 15424K, reserved 1048576K
}
Event: 13.802 GC heap after
{Heap after GC invocations=33 (full 0):
 garbage-first heap   total 163840K, used 99993K [0x0000000080000000, 0x0000000100000000)
  region size 1024K, 3 young (3072K), 3 survivors (3072K)
 Metaspace       used 104848K, committed 107008K, reserved 1179648K
  class space    used 14339K, committed 15424K, reserved 1048576K
}
Event: 14.246 GC heap before
{Heap before GC invocations=33 (full 0):
 garbage-first heap   total 163840K, used 146073K [0x0000000080000000, 0x0000000100000000)
  region size 1024K, 48 young (49152K), 3 survivors (3072K)
 Metaspace       used 111458K, committed 113664K, reserved 1179648K
  class space    used 15180K, committed 16256K, reserved 1048576K
}
Event: 14.252 GC heap after
{Heap after GC invocations=34 (full 0):
 garbage-first heap   total 196608K, used 100778K [0x0000000080000000, 0x0000000100000000)
  region size 1024K, 5 young (5120K), 5 survivors (5120K)
 Metaspace       used 111458K, committed 113664K, reserved 1179648K
  class space    used 15180K, committed 16256K, reserved 1048576K
}

