# JRE version: OpenJDK Runtime Environment (21.0.7) (build 21.0.7+-13880790-b1038.58)
# Java VM: OpenJDK 64-Bit Server VM (21.0.7+-13880790-b1038.58, mixed mode, tiered, compressed oops, compressed class ptrs, g1 gc, windows-amd64)
GC Precious Log:
 CardTable entry size: 512
 Card Set container configuration: InlinePtr #cards 5 size 8 Array Of Cards #cards 12 size 40 Howl #buckets 4 coarsen threshold 1843 Howl Bitmap #cards 512 size 80 coarsen threshold 460 Card regions per heap region 1 cards per card region 2048
 CPUs: 12 total, 12 available
 Memory: 7876M
 Large Page Support: Disabled
 NUMA Support: Disabled
 Compressed Oops: Enabled (32-bit)
 Heap Region Size: 1M
 Heap Min Capacity: 8M
 Heap Initial Capacity: 124M
 Heap Max Capacity: 2G
 Pre-touch: Disabled
 Parallel Workers: 10
 Concurrent Workers: 3
 Concurrent Refinement Workers: 10
 Periodic GC: Disabled
Heap:
 garbage-first heap   total 146432K, used 90937K [0x0000000080000000, 0x0000000100000000)
  region size 1024K, 4 young (4096K), 3 survivors (3072K)
 Metaspace       used 105136K, committed 107200K, reserved 1179648K
  class space    used 14530K, committed 15552K, reserved 1048576K
GC Heap History (20 events):
Event: 11.637 GC heap before
{Heap before GC invocations=20 (full 0):
 garbage-first heap   total 110592K, used 97376K [0x0000000080000000, 0x0000000100000000)
  region size 1024K, 49 young (50176K), 4 survivors (4096K)
 Metaspace       used 72209K, committed 73920K, reserved 1114112K
  class space    used 9966K, committed 10816K, reserved 1048576K
}
Event: 11.643 GC heap after
{Heap after GC invocations=21 (full 0):
 garbage-first heap   total 110592K, used 52557K [0x0000000080000000, 0x0000000100000000)
  region size 1024K, 5 young (5120K), 5 survivors (5120K)
 Metaspace       used 72209K, committed 73920K, reserved 1114112K
  class space    used 9966K, committed 10816K, reserved 1048576K
}
Event: 11.942 GC heap before
{Heap before GC invocations=21 (full 0):
 garbage-first heap   total 110592K, used 97613K [0x0000000080000000, 0x0000000100000000)
  region size 1024K, 50 young (51200K), 5 survivors (5120K)
 Metaspace       used 72290K, committed 74048K, reserved 1114112K
  class space    used 9968K, committed 10816K, reserved 1048576K
}
Event: 11.950 GC heap after
{Heap after GC invocations=22 (full 0):
 garbage-first heap   total 110592K, used 53878K [0x0000000080000000, 0x0000000100000000)
  region size 1024K, 5 young (5120K), 5 survivors (5120K)
 Metaspace       used 72290K, committed 74048K, reserved 1114112K
  class space    used 9968K, committed 10816K, reserved 1048576K
}
Event: 12.973 GC heap before
{Heap before GC invocations=23 (full 0):
 garbage-first heap   total 110592K, used 105078K [0x0000000080000000, 0x0000000100000000)
  region size 1024K, 49 young (50176K), 5 survivors (5120K)
 Metaspace       used 74427K, committed 76288K, reserved 1114112K
  class space    used 10227K, committed 11136K, reserved 1048576K
}
Event: 12.981 GC heap after
{Heap after GC invocations=24 (full 0):
 garbage-first heap   total 119808K, used 67605K [0x0000000080000000, 0x0000000100000000)
  region size 1024K, 7 young (7168K), 7 survivors (7168K)
 Metaspace       used 74427K, committed 76288K, reserved 1114112K
  class space    used 10227K, committed 11136K, reserved 1048576K
}
Event: 14.563 GC heap before
{Heap before GC invocations=24 (full 0):
 garbage-first heap   total 119808K, used 103445K [0x0000000080000000, 0x0000000100000000)
  region size 1024K, 43 young (44032K), 7 survivors (7168K)
 Metaspace       used 78356K, committed 80192K, reserved 1179648K
  class space    used 10668K, committed 11584K, reserved 1048576K
}
Event: 14.568 GC heap after
{Heap after GC invocations=25 (full 0):
 garbage-first heap   total 119808K, used 68349K [0x0000000080000000, 0x0000000100000000)
  region size 1024K, 2 young (2048K), 2 survivors (2048K)
 Metaspace       used 78356K, committed 80192K, reserved 1179648K
  class space    used 10668K, committed 11584K, reserved 1048576K
}
Event: 16.094 GC heap before
{Heap before GC invocations=25 (full 0):
 garbage-first heap   total 119808K, used 106237K [0x0000000080000000, 0x0000000100000000)
  region size 1024K, 39 young (39936K), 2 survivors (2048K)
 Metaspace       used 82434K, committed 84352K, reserved 1179648K
  class space    used 11187K, committed 12160K, reserved 1048576K
}
Event: 16.098 GC heap after
{Heap after GC invocations=26 (full 0):
 garbage-first heap   total 119808K, used 69518K [0x0000000080000000, 0x0000000100000000)
  region size 1024K, 3 young (3072K), 3 survivors (3072K)
 Metaspace       used 82434K, committed 84352K, reserved 1179648K
  class space    used 11187K, committed 12160K, reserved 1048576K
}
Event: 16.596 GC heap before
{Heap before GC invocations=27 (full 0):
 garbage-first heap   total 119808K, used 113550K [0x0000000080000000, 0x0000000100000000)
  region size 1024K, 41 young (41984K), 3 survivors (3072K)
 Metaspace       used 85402K, committed 87360K, reserved 1179648K
  class space    used 11599K, committed 12544K, reserved 1048576K
}
Event: 16.602 GC heap after
{Heap after GC invocations=28 (full 0):
 garbage-first heap   total 121856K, used 75119K [0x0000000080000000, 0x0000000100000000)
  region size 1024K, 6 young (6144K), 6 survivors (6144K)
 Metaspace       used 85402K, committed 87360K, reserved 1179648K
  class space    used 11599K, committed 12544K, reserved 1048576K
}
Event: 17.090 GC heap before
{Heap before GC invocations=28 (full 0):
 garbage-first heap   total 121856K, used 107887K [0x0000000080000000, 0x0000000100000000)
  region size 1024K, 38 young (38912K), 6 survivors (6144K)
 Metaspace       used 87914K, committed 89792K, reserved 1179648K
  class space    used 11926K, committed 12864K, reserved 1048576K
}
Event: 17.096 GC heap after
{Heap after GC invocations=29 (full 0):
 garbage-first heap   total 146432K, used 76625K [0x0000000080000000, 0x0000000100000000)
  region size 1024K, 3 young (3072K), 3 survivors (3072K)
 Metaspace       used 87914K, committed 89792K, reserved 1179648K
  class space    used 11926K, committed 12864K, reserved 1048576K
}
Event: 18.954 GC heap before
{Heap before GC invocations=29 (full 0):
 garbage-first heap   total 146432K, used 131921K [0x0000000080000000, 0x0000000100000000)
  region size 1024K, 57 young (58368K), 3 survivors (3072K)
 Metaspace       used 93184K, committed 95168K, reserved 1179648K
  class space    used 12594K, committed 13568K, reserved 1048576K
}
Event: 18.959 GC heap after
{Heap after GC invocations=30 (full 0):
 garbage-first heap   total 146432K, used 81113K [0x0000000080000000, 0x0000000100000000)
  region size 1024K, 7 young (7168K), 7 survivors (7168K)
 Metaspace       used 93184K, committed 95168K, reserved 1179648K
  class space    used 12594K, committed 13568K, reserved 1048576K
}
Event: 20.535 GC heap before
{Heap before GC invocations=30 (full 0):
 garbage-first heap   total 146432K, used 130265K [0x0000000080000000, 0x0000000100000000)
  region size 1024K, 55 young (56320K), 7 survivors (7168K)
 Metaspace       used 100816K, committed 102848K, reserved 1179648K
  class space    used 13540K, committed 14528K, reserved 1048576K
}
Event: 20.540 GC heap after
{Heap after GC invocations=31 (full 0):
 garbage-first heap   total 146432K, used 82896K [0x0000000080000000, 0x0000000100000000)
  region size 1024K, 2 young (2048K), 2 survivors (2048K)
 Metaspace       used 100816K, committed 102848K, reserved 1179648K
  class space    used 13540K, committed 14528K, reserved 1048576K
}
Event: 23.899 GC heap before
{Heap before GC invocations=31 (full 0):
 garbage-first heap   total 146432K, used 105424K [0x0000000080000000, 0x0000000100000000)
  region size 1024K, 25 young (25600K), 2 survivors (2048K)
 Metaspace       used 105042K, committed 107136K, reserved 1179648K
  class space    used 14526K, committed 15552K, reserved 1048576K
}
Event: 23.903 GC heap after
{Heap after GC invocations=32 (full 0):
 garbage-first heap   total 146432K, used 83769K [0x0000000080000000, 0x0000000100000000)
  region size 1024K, 3 young (3072K), 3 survivors (3072K)
 Metaspace       used 105042K, committed 107136K, reserved 1179648K
  class space    used 14526K, committed 15552K, reserved 1048576K
}

