# JRE version: OpenJDK Runtime Environment (21.0.7) (build 21.0.7+-13880790-b1038.58)
# Java VM: OpenJDK 64-Bit Server VM (21.0.7+-13880790-b1038.58, mixed mode, tiered, compressed oops, compressed class ptrs, g1 gc, windows-amd64)
GC Precious Log:
 CardTable entry size: 512
 Card Set container configuration: InlinePtr #cards 5 size 8 Array Of Cards #cards 12 size 40 Howl #buckets 4 coarsen threshold 1843 Howl Bitmap #cards 512 size 80 coarsen threshold 460 Card regions per heap region 1 cards per card region 2048
 CPUs: 12 total, 12 available
 Memory: 7876M
 Large Page Support: Disabled
 NUMA Support: Disabled
 Compressed Oops: Enabled (32-bit)
 Heap Region Size: 1M
 Heap Min Capacity: 8M
 Heap Initial Capacity: 124M
 Heap Max Capacity: 2G
 Pre-touch: Disabled
 Parallel Workers: 10
 Concurrent Workers: 3
 Concurrent Refinement Workers: 10
 Periodic GC: Disabled
Heap:
 garbage-first heap   total 107520K, used 59207K [0x0000000080000000, 0x0000000100000000)
  region size 1024K, 19 young (19456K), 6 survivors (6144K)
 Metaspace       used 66040K, committed 67648K, reserved 1114112K
  class space    used 9067K, committed 9856K, reserved 1048576K
GC Heap History (20 events):
Event: 2.647 GC heap before
{Heap before GC invocations=5 (full 0):
 garbage-first heap   total 71680K, used 59289K [0x0000000080000000, 0x0000000100000000)
  region size 1024K, 42 young (43008K), 3 survivors (3072K)
 Metaspace       used 28016K, committed 28544K, reserved 1114112K
  class space    used 3547K, committed 3776K, reserved 1048576K
}
Event: 2.651 GC heap after
{Heap after GC invocations=6 (full 0):
 garbage-first heap   total 71680K, used 22160K [0x0000000080000000, 0x0000000100000000)
  region size 1024K, 5 young (5120K), 5 survivors (5120K)
 Metaspace       used 28016K, committed 28544K, reserved 1114112K
  class space    used 3547K, committed 3776K, reserved 1048576K
}
Event: 3.066 GC heap before
{Heap before GC invocations=6 (full 0):
 garbage-first heap   total 71680K, used 54928K [0x0000000080000000, 0x0000000100000000)
  region size 1024K, 38 young (38912K), 5 survivors (5120K)
 Metaspace       used 32388K, committed 33024K, reserved 1114112K
  class space    used 4313K, committed 4608K, reserved 1048576K
}
Event: 3.072 GC heap after
{Heap after GC invocations=7 (full 0):
 garbage-first heap   total 71680K, used 24635K [0x0000000080000000, 0x0000000100000000)
  region size 1024K, 5 young (5120K), 5 survivors (5120K)
 Metaspace       used 32388K, committed 33024K, reserved 1114112K
  class space    used 4313K, committed 4608K, reserved 1048576K
}
Event: 3.271 GC heap before
{Heap before GC invocations=7 (full 0):
 garbage-first heap   total 71680K, used 44091K [0x0000000080000000, 0x0000000100000000)
  region size 1024K, 25 young (25600K), 5 survivors (5120K)
 Metaspace       used 35246K, committed 35968K, reserved 1114112K
  class space    used 4780K, committed 5120K, reserved 1048576K
}
Event: 3.275 GC heap after
{Heap after GC invocations=8 (full 0):
 garbage-first heap   total 87040K, used 25894K [0x0000000080000000, 0x0000000100000000)
  region size 1024K, 2 young (2048K), 2 survivors (2048K)
 Metaspace       used 35246K, committed 35968K, reserved 1114112K
  class space    used 4780K, committed 5120K, reserved 1048576K
}
Event: 3.813 GC heap before
{Heap before GC invocations=9 (full 0):
 garbage-first heap   total 87040K, used 71974K [0x0000000080000000, 0x0000000100000000)
  region size 1024K, 48 young (49152K), 2 survivors (2048K)
 Metaspace       used 43692K, committed 44608K, reserved 1114112K
  class space    used 5857K, committed 6272K, reserved 1048576K
}
Event: 3.819 GC heap after
{Heap after GC invocations=10 (full 0):
 garbage-first heap   total 87040K, used 30337K [0x0000000080000000, 0x0000000100000000)
  region size 1024K, 6 young (6144K), 6 survivors (6144K)
 Metaspace       used 43692K, committed 44608K, reserved 1114112K
  class space    used 5857K, committed 6272K, reserved 1048576K
}
Event: 4.219 GC heap before
{Heap before GC invocations=10 (full 0):
 garbage-first heap   total 87040K, used 78465K [0x0000000080000000, 0x0000000100000000)
  region size 1024K, 48 young (49152K), 6 survivors (6144K)
 Metaspace       used 47651K, committed 48704K, reserved 1114112K
  class space    used 6346K, committed 6848K, reserved 1048576K
}
Event: 4.227 GC heap after
{Heap after GC invocations=11 (full 0):
 garbage-first heap   total 89088K, used 33177K [0x0000000080000000, 0x0000000100000000)
  region size 1024K, 4 young (4096K), 4 survivors (4096K)
 Metaspace       used 47651K, committed 48704K, reserved 1114112K
  class space    used 6346K, committed 6848K, reserved 1048576K
}
Event: 4.675 GC heap before
{Heap before GC invocations=11 (full 0):
 garbage-first heap   total 89088K, used 76185K [0x0000000080000000, 0x0000000100000000)
  region size 1024K, 46 young (47104K), 4 survivors (4096K)
 Metaspace       used 52940K, committed 54400K, reserved 1114112K
  class space    used 7235K, committed 7936K, reserved 1048576K
}
Event: 4.682 GC heap after
{Heap after GC invocations=12 (full 0):
 garbage-first heap   total 89088K, used 35959K [0x0000000080000000, 0x0000000100000000)
  region size 1024K, 3 young (3072K), 3 survivors (3072K)
 Metaspace       used 52940K, committed 54400K, reserved 1114112K
  class space    used 7235K, committed 7936K, reserved 1048576K
}
Event: 5.349 GC heap before
{Heap before GC invocations=12 (full 0):
 garbage-first heap   total 89088K, used 75895K [0x0000000080000000, 0x0000000100000000)
  region size 1024K, 43 young (44032K), 3 survivors (3072K)
 Metaspace       used 57801K, committed 59264K, reserved 1114112K
  class space    used 8059K, committed 8768K, reserved 1048576K
}
Event: 5.355 GC heap after
{Heap after GC invocations=13 (full 0):
 garbage-first heap   total 107520K, used 40605K [0x0000000080000000, 0x0000000100000000)
  region size 1024K, 6 young (6144K), 6 survivors (6144K)
 Metaspace       used 57801K, committed 59264K, reserved 1114112K
  class space    used 8059K, committed 8768K, reserved 1048576K
}
Event: 5.412 GC heap before
{Heap before GC invocations=13 (full 0):
 garbage-first heap   total 107520K, used 46749K [0x0000000080000000, 0x0000000100000000)
  region size 1024K, 13 young (13312K), 6 survivors (6144K)
 Metaspace       used 58710K, committed 60096K, reserved 1114112K
  class space    used 8208K, committed 8896K, reserved 1048576K
}
Event: 5.418 GC heap after
{Heap after GC invocations=14 (full 0):
 garbage-first heap   total 107520K, used 41899K [0x0000000080000000, 0x0000000100000000)
  region size 1024K, 5 young (5120K), 5 survivors (5120K)
 Metaspace       used 58710K, committed 60096K, reserved 1114112K
  class space    used 8208K, committed 8896K, reserved 1048576K
}
Event: 5.893 GC heap before
{Heap before GC invocations=15 (full 0):
 garbage-first heap   total 107520K, used 94123K [0x0000000080000000, 0x0000000100000000)
  region size 1024K, 56 young (57344K), 5 survivors (5120K)
 Metaspace       used 60567K, committed 61952K, reserved 1114112K
  class space    used 8444K, committed 9088K, reserved 1048576K
}
Event: 5.900 GC heap after
{Heap after GC invocations=16 (full 0):
 garbage-first heap   total 107520K, used 44542K [0x0000000080000000, 0x0000000100000000)
  region size 1024K, 4 young (4096K), 4 survivors (4096K)
 Metaspace       used 60567K, committed 61952K, reserved 1114112K
  class space    used 8444K, committed 9088K, reserved 1048576K
}
Event: 6.705 GC heap before
{Heap before GC invocations=16 (full 0):
 garbage-first heap   total 107520K, used 96766K [0x0000000080000000, 0x0000000100000000)
  region size 1024K, 53 young (54272K), 4 survivors (4096K)
 Metaspace       used 64386K, committed 65984K, reserved 1114112K
  class space    used 8812K, committed 9600K, reserved 1048576K
}
Event: 6.710 GC heap after
{Heap after GC invocations=17 (full 0):
 garbage-first heap   total 107520K, used 46919K [0x0000000080000000, 0x0000000100000000)
  region size 1024K, 6 young (6144K), 6 survivors (6144K)
 Metaspace       used 64386K, committed 65984K, reserved 1114112K
  class space    used 8812K, committed 9600K, reserved 1048576K
}

